<?xml version="1.0" encoding="UTF-8"?>
<!-- Generated by org.testng.reporters.JUnitReportReporter -->
<testsuite hostname="DESKTOP-G73396H" failures="0" tests="5" name="tests.BookingTests" time="16.395" errors="0" timestamp="2023-07-18T08:26:12 EEST" skipped="0">
  <testcase classname="tests.BookingTests" name="bookingGetTest" time="0.946"/>
  <system-out/>
  <testcase classname="tests.BookingTests" name="bookingPostTest" time="0.858"/>
  <system-out/>
  <testcase classname="tests.BookingTests" name="bookingDelete" time="2.316"/>
  <system-out/>
  <testcase classname="tests.BookingTests" name="bookingChangeAdditional" time="7.574"/>
  <system-out/>
  <testcase classname="tests.BookingTests" name="bookingChangePrice" time="4.701"/>
  <system-out/>
</testsuite> <!-- tests.BookingTests -->
